#
# There is insufficient memory for the Java Runtime Environment to continue.
# Native memory allocation (mmap) failed to map 257949696 bytes for G1 virtual space
# Possible reasons:
#   The system is out of physical RAM or swap space
#   The process is running with CompressedOops enabled, and the Java Heap may be blocking the growth of the native heap
# Possible solutions:
#   Reduce memory load on the system
#   Increase physical memory or swap space
#   Check if swap backing store is full
#   Decrease Java heap size (-Xmx/-Xms)
#   Decrease number of Java threads
#   Decrease Java thread stack sizes (-Xss)
#   Set larger code cache with -XX:ReservedCodeCacheSize=
#   JVM is running with Zero Based Compressed Oops mode in which the Java heap is
#     placed in the first 32GB address space. The Java Heap base address is the
#     maximum limit for the native heap growth. Please use -XX:HeapBaseMinAddress
#     to set the Java Heap base and to place the Java Heap above 32GB virtual address.
# This output file may be truncated or incomplete.
#
#  Out of Memory Error (os_windows.cpp:3530), pid=26316, tid=27128
#
# JRE version:  (18.0.2.1+1) (build )
# Java VM: Java HotSpot(TM) 64-Bit Server VM (18.0.2.1+1-1, mixed mode, sharing, tiered, compressed oops, compressed class ptrs, g1 gc, windows-amd64)
# No core dump will be written. Minidumps are not enabled by default on client versions of Windows
#

---------------  S U M M A R Y ------------

Command Line: -Dfile.encoding=UTF-8 -XX:+ShowCodeDetailsInExceptionMessages GUI.librarian.Home

Host: AMD Ryzen 5 5500U with Radeon Graphics         , 12 cores, 15G,  Windows 11 , 64 bit Build 22621 (10.0.22621.1485)
Time: Wed May  3 18:38:22 2023 SE Asia Standard Time elapsed time: 0.011318 seconds (0d 0h 0m 0s)

---------------  T H R E A D  ---------------

Current thread (0x000002290fe9bbf0):  JavaThread "Unknown thread" [_thread_in_vm, id=27128, stack(0x00000046d0800000,0x00000046d0900000)]

Stack: [0x00000046d0800000,0x00000046d0900000]
Native frames: (J=compiled Java code, j=interpreted, Vv=VM code, C=native code)
V  [jvm.dll+0x6993aa]
V  [jvm.dll+0x7f46dd]
V  [jvm.dll+0x7f5fee]
V  [jvm.dll+0x7f66a3]
V  [jvm.dll+0x25cf1f]
V  [jvm.dll+0x6962f9]
V  [jvm.dll+0x68ae2a]
V  [jvm.dll+0x32255b]
V  [jvm.dll+0x329f36]
V  [jvm.dll+0x37eade]
V  [jvm.dll+0x37ed0f]
V  [jvm.dll+0x2fa2da]
V  [jvm.dll+0x2fb33d]
V  [jvm.dll+0x7c3310]
V  [jvm.dll+0x38be61]
V  [jvm.dll+0x7a2023]
V  [jvm.dll+0x40dc3f]
V  [jvm.dll+0x40f611]
C  [jli.dll+0x526b]
C  [ucrtbase.dll+0x29363]
C  [KERNEL32.DLL+0x1269d]
C  [ntdll.dll+0x5a9f8]


---------------  P R O C E S S  ---------------

Threads class SMR info:
_java_thread_list=0x00007ffa62cbe550, length=0, elements={
}

Java Threads: ( => current thread )

Other Threads:
  0x000002290ff0b6d0 WorkerThread "GC Thread#0" [stack: 0x00000046d0900000,0x00000046d0a00000] [id=27464]
  0x000002290ff1bbc0 ConcurrentGCThread "G1 Main Marker" [stack: 0x00000046d0a00000,0x00000046d0b00000] [id=10256]
  0x000002290ff1c5b0 WorkerThread "G1 Conc#0" [stack: 0x00000046d0b00000,0x00000046d0c00000] [id=29732]

[error occurred during error reporting (printing all threads), id 0xc0000005, EXCEPTION_ACCESS_VIOLATION (0xc0000005) at pc=0x00007ffa624ea877]

VM state: not at safepoint (not fully initialized)

VM Mutex/Monitor currently owned by a thread:  ([mutex/lock_event])
[0x000002290fe98580] Heap_lock - owner thread: 0x000002290fe9bbf0

Heap address: 0x000000070a400000, size: 3932 MB, Compressed Oops mode: Zero based, Oop shift amount: 3

CDS archive(s) mapped at: [0x0000000000000000-0x0000000000000000-0x0000000000000000), size 0, SharedBaseAddress: 0x0000000800000000, ArchiveRelocationMode: 0.
Narrow klass base: 0x0000000000000000, Narrow klass shift: 0, Narrow klass range: 0x0

GC Precious Log:
 CardTable entry size: 512
 Card Set container configuration: InlinePtr #cards 4 size 8 Array Of Cards #cards 16 size 48 Howl #buckets 8 coarsen threshold 3686 Howl Bitmap #cards 512 size 80 coarsen threshold 460 Card regions per heap region 1 cards per card region 4096

Heap:
 garbage-first heap   total 0K, used 0K [0x000000070a400000, 0x0000000800000000)
  region size 2048K, 0 young (0K), 0 survivors (0K)

[error occurred during error reporting (printing heap information), id 0xc0000005, EXCEPTION_ACCESS_VIOLATION (0xc0000005) at pc=0x00007ffa628d1839]

GC Heap History (0 events):
No events

Deoptimization events (0 events):
No events

Classes loaded (0 events):
No events

Classes unloaded (0 events):
No events

Classes redefined (0 events):
No events

Internal exceptions (0 events):
No events

VM Operations (0 events):
No events

Events (1 events):
Event: 0.006 Loaded shared library C:\Program Files\Java\jdk-18.0.2.1\bin\java.dll


Dynamic libraries:
0x00007ff6574a0000 - 0x00007ff6574b0000 	C:\Program Files\Java\jdk-18.0.2.1\bin\javaw.exe
0x00007ffacc5d0000 - 0x00007ffacc7e4000 	C:\WINDOWS\SYSTEM32\ntdll.dll
0x00007ffacb1d0000 - 0x00007ffacb292000 	C:\WINDOWS\System32\KERNEL32.DLL
0x00007ffac9d30000 - 0x00007ffaca0cc000 	C:\WINDOWS\System32\KERNELBASE.dll
0x00007ffac9ae0000 - 0x00007ffac9bf1000 	C:\WINDOWS\System32\ucrtbase.dll
0x00007ffaba0e0000 - 0x00007ffaba0f8000 	C:\Program Files\Java\jdk-18.0.2.1\bin\jli.dll
0x00007ffaba3f0000 - 0x00007ffaba40a000 	C:\Program Files\Java\jdk-18.0.2.1\bin\VCRUNTIME140.dll
0x00007ffacbfd0000 - 0x00007ffacc07e000 	C:\WINDOWS\System32\ADVAPI32.dll
0x00007ffacbf20000 - 0x00007ffacbfc7000 	C:\WINDOWS\System32\msvcrt.dll
0x00007ffacb2a0000 - 0x00007ffacb344000 	C:\WINDOWS\System32\sechost.dll
0x00007ffaca3e0000 - 0x00007ffaca4f7000 	C:\WINDOWS\System32\RPCRT4.dll
0x00007ffacaf90000 - 0x00007ffacb13b000 	C:\WINDOWS\System32\USER32.dll
0x00007ffac9a10000 - 0x00007ffac9a36000 	C:\WINDOWS\System32\win32u.dll
0x00007ffaa2c40000 - 0x00007ffaa2ece000 	C:\WINDOWS\WinSxS\amd64_microsoft.windows.common-controls_6595b64144ccf1df_6.0.22621.608_none_a9444ca7c10bb01d\COMCTL32.dll
0x00007ffacb1a0000 - 0x00007ffacb1c9000 	C:\WINDOWS\System32\GDI32.dll
0x00007ffaca0d0000 - 0x00007ffaca1e3000 	C:\WINDOWS\System32\gdi32full.dll
0x00007ffac9a40000 - 0x00007ffac9ada000 	C:\WINDOWS\System32\msvcp_win.dll
0x00007ffac10d0000 - 0x00007ffac10da000 	C:\WINDOWS\SYSTEM32\VERSION.dll
0x00007ffacc320000 - 0x00007ffacc351000 	C:\WINDOWS\System32\IMM32.DLL
0x00007ffac3d10000 - 0x00007ffac3d1c000 	C:\Program Files\Java\jdk-18.0.2.1\bin\vcruntime140_1.dll
0x00007ffa98bb0000 - 0x00007ffa98c3d000 	C:\Program Files\Java\jdk-18.0.2.1\bin\msvcp140.dll
0x00007ffa621e0000 - 0x00007ffa62df1000 	C:\Program Files\Java\jdk-18.0.2.1\bin\server\jvm.dll
0x00007ffacc500000 - 0x00007ffacc508000 	C:\WINDOWS\System32\PSAPI.DLL
0x00007ffabb070000 - 0x00007ffabb079000 	C:\WINDOWS\SYSTEM32\WSOCK32.dll
0x00007ffac2c90000 - 0x00007ffac2cc4000 	C:\WINDOWS\SYSTEM32\WINMM.dll
0x00007ffacc510000 - 0x00007ffacc581000 	C:\WINDOWS\System32\WS2_32.dll
0x00007ffac8a30000 - 0x00007ffac8a48000 	C:\WINDOWS\SYSTEM32\kernel.appcore.dll
0x00007ffabb050000 - 0x00007ffabb05a000 	C:\Program Files\Java\jdk-18.0.2.1\bin\jimage.dll
0x00007ffac7400000 - 0x00007ffac762e000 	C:\WINDOWS\SYSTEM32\DBGHELP.DLL
0x00007ffacb3d0000 - 0x00007ffacb759000 	C:\WINDOWS\System32\combase.dll
0x00007ffaca500000 - 0x00007ffaca5d7000 	C:\WINDOWS\System32\OLEAUT32.dll
0x00007ffaba0a0000 - 0x00007ffaba0d2000 	C:\WINDOWS\SYSTEM32\dbgcore.DLL
0x00007ffaca360000 - 0x00007ffaca3db000 	C:\WINDOWS\System32\bcryptPrimitives.dll
0x00007ffab8120000 - 0x00007ffab8145000 	C:\Program Files\Java\jdk-18.0.2.1\bin\java.dll

dbghelp: loaded successfully - version: 4.0.5 - missing functions: none
symbol engine: initialized successfully - sym options: 0x614 - pdb path: .;C:\Program Files\Java\jdk-18.0.2.1\bin;C:\WINDOWS\SYSTEM32;C:\WINDOWS\WinSxS\amd64_microsoft.windows.common-controls_6595b64144ccf1df_6.0.22621.608_none_a9444ca7c10bb01d;C:\Program Files\Java\jdk-18.0.2.1\bin\server

VM Arguments:
jvm_args: -Dfile.encoding=UTF-8 -XX:+ShowCodeDetailsInExceptionMessages 
java_command: GUI.librarian.Home
java_class_path (initial): C:\Users\ADMIN\OneDrive\Documents\GitHub\library-management\bin;C:\Users\ADMIN\OneDrive\Documents\GitHub\library-management\jgoodies-forms-1.8.0.jar;C:\Users\ADMIN\OneDrive\Documents\GitHub\library-management\miglayout15-swing.jar
Launcher Type: SUN_STANDARD

[Global flags]
     intx CICompilerCount                          = 4                                         {product} {ergonomic}
     uint ConcGCThreads                            = 3                                         {product} {ergonomic}
     uint G1ConcRefinementThreads                  = 10                                        {product} {ergonomic}
   size_t G1HeapRegionSize                         = 2097152                                   {product} {ergonomic}
    uintx GCDrainStackTargetSize                   = 64                                        {product} {ergonomic}
   size_t InitialHeapSize                          = 257949696                                 {product} {ergonomic}
   size_t MarkStackSize                            = 4194304                                   {product} {ergonomic}
   size_t MaxHeapSize                              = 4123000832                                {product} {ergonomic}
   size_t MinHeapDeltaBytes                        = 2097152                                   {product} {ergonomic}
   size_t MinHeapSize                              = 8388608                                   {product} {ergonomic}
    uintx NonNMethodCodeHeapSize                   = 5839372                                {pd product} {ergonomic}
    uintx NonProfiledCodeHeapSize                  = 122909434                              {pd product} {ergonomic}
    uintx ProfiledCodeHeapSize                     = 122909434                              {pd product} {ergonomic}
    uintx ReservedCodeCacheSize                    = 251658240                              {pd product} {ergonomic}
     bool SegmentedCodeCache                       = true                                      {product} {ergonomic}
     bool ShowCodeDetailsInExceptionMessages       = true                                   {manageable} {command line}
   size_t SoftMaxHeapSize                          = 4123000832                             {manageable} {ergonomic}
     bool UseCompressedClassPointers               = true                           {product lp64_product} {ergonomic}
     bool UseCompressedOops                        = true                           {product lp64_product} {ergonomic}
     bool UseG1GC                                  = true                                      {product} {ergonomic}
     bool UseLargePagesIndividualAllocation        = false                                  {pd product} {ergonomic}

Logging:
Log output configuration:
 #0: stdout all=warning uptime,level,tags foldmultilines=false
 #1: stderr all=off uptime,level,tags foldmultilines=false

Environment Variables:
JAVA_HOME=C:\Program Files\Java\jdk-18.0.2.1
PATH=C:\Program Files\Common Files\Oracle\Java\javapath;C:\Windows\system32;C:\Windows;C:\Windows\System32\Wbem;C:\Windows\System32\WindowsPowerShell\v1.0\;C:\Windows\System32\OpenSSH\;C:\Program Files\Microsoft SQL Server\150\Tools\Binn\;C:\Program Files\Microsoft SQL Server\Client SDK\ODBC\170\Tools\Binn\;C:\Program Files\dotnet\;C:\Program Files\Java\jdk-17.0.2;C:\MinGW\bin;C:\Program Files (x86)\Java\jre1.8.0_321\;C:\Program Files (x86)\Microsoft SQL Server\150\Tools\Binn\;C:\Program Files\Microsoft SQL Server\150\DTS\Binn\;C:\Program Files (x86)\Microsoft SQL Server\150\DTS\Binn\;C:\Program Files\Azure Data Studio\bin;C:\WINDOWS\system32;C:\WINDOWS;C:\WINDOWS\System32\Wbem;C:\WINDOWS\System32\WindowsPowerShell\v1.0\;C:\WINDOWS\System32\OpenSSH\;C:\Program Files\Git\cmd;C:\xampp\php;C:\Users\ADMIN\OneDrive\Desktop\apache-maven-3.6.0-bin\apache-maven-3.6.0\bin;C:\Users\ADMIN\AppData\Local\Microsoft\WindowsApps;C:\Users\ADMIN\AppData\Local\Programs\Microsoft VS Code\bin;C:\Users\ADMIN\.dotnet\tools;C:\Program Files\Azure Data Studio\bin;C:\Users\ADMIN\AppData\Local\GitHubDesktop\bin
USERNAME=ADMIN
OS=Windows_NT
PROCESSOR_IDENTIFIER=AMD64 Family 23 Model 104 Stepping 1, AuthenticAMD



---------------  S Y S T E M  ---------------

OS:
 Windows 11 , 64 bit Build 22621 (10.0.22621.1485)
OS uptime: 19 days 12:21 hours
Hyper-V role detected

CPU: total 12 (initial active 12) (12 cores per cpu, 2 threads per core) family 23 model 104 stepping 1 microcode 0x0, cx8, cmov, fxsr, ht, mmx, 3dnowpref, sse, sse2, sse3, ssse3, sse4a, sse4.1, sse4.2, popcnt, lzcnt, tsc, tscinvbit, avx, avx2, aes, clmul, bmi1, bmi2, adx, sha, fma, vzeroupper, clflush, clflushopt, hv

Memory: 4k page, system-wide physical 15722M (3807M free)
TotalPageFile size 28010M (AvailPageFile size 208M)
current process WorkingSet (physical memory assigned to process): 11M, peak: 11M
current process commit charge ("private bytes"): 64M, peak: 310M

vm_info: Java HotSpot(TM) 64-Bit Server VM (18.0.2.1+1-1) for windows-amd64 JRE (18.0.2.1+1-1), built on Aug 16 2022 01:46:33 by "mach5one" with MS VC++ 16.8 / 16.9 (VS2019)

END.
