#
# There is insufficient memory for the Java Runtime Environment to continue.
# Native memory allocation (mmap) failed to map 257949696 bytes for G1 virtual space
# Possible reasons:
#   The system is out of physical RAM or swap space
#   The process is running with CompressedOops enabled, and the Java Heap may be blocking the growth of the native heap
# Possible solutions:
#   Reduce memory load on the system
#   Increase physical memory or swap space
#   Check if swap backing store is full
#   Decrease Java heap size (-Xmx/-Xms)
#   Decrease number of Java threads
#   Decrease Java thread stack sizes (-Xss)
#   Set larger code cache with -XX:ReservedCodeCacheSize=
#   JVM is running with Zero Based Compressed Oops mode in which the Java heap is
#     placed in the first 32GB address space. The Java Heap base address is the
#     maximum limit for the native heap growth. Please use -XX:HeapBaseMinAddress
#     to set the Java Heap base and to place the Java Heap above 32GB virtual address.
# This output file may be truncated or incomplete.
#
#  Out of Memory Error (os_windows.cpp:3528), pid=26484, tid=22400
#
# JRE version:  (20.0.1+9) (build )
# Java VM: Java HotSpot(TM) 64-Bit Server VM (20.0.1+9-29, mixed mode, sharing, tiered, compressed oops, compressed class ptrs, g1 gc, windows-amd64)
# No core dump will be written. Minidumps are not enabled by default on client versions of Windows
#

---------------  S U M M A R Y ------------

Command Line: -XX:+ShowCodeDetailsInExceptionMessages main.java.com.library.Application

Host: AMD Ryzen 5 5500U with Radeon Graphics         , 12 cores, 15G,  Windows 11 , 64 bit Build 22621 (10.0.22621.1635)
Time: Sun May 21 18:52:57 2023 SE Asia Standard Time elapsed time: 0.022728 seconds (0d 0h 0m 0s)

---------------  T H R E A D  ---------------

Current thread (0x000001ba92ca9130):  JavaThread "Unknown thread" [_thread_in_vm, id=22400, stack(0x000000b0c6500000,0x000000b0c6600000)]

Stack: [0x000000b0c6500000,0x000000b0c6600000]
Native frames: (J=compiled Java code, j=interpreted, Vv=VM code, C=native code)
V  [jvm.dll+0x6bb95a]
V  [jvm.dll+0x8485fa]
V  [jvm.dll+0x84a1f5]
V  [jvm.dll+0x84a8f3]
V  [jvm.dll+0x280b0f]
V  [jvm.dll+0x6b86e9]
V  [jvm.dll+0x6ad2da]
V  [jvm.dll+0x35adf5]
V  [jvm.dll+0x363016]
V  [jvm.dll+0x3b3b3e]
V  [jvm.dll+0x3b3dc5]
V  [jvm.dll+0x32b50a]
V  [jvm.dll+0x32c32b]
V  [jvm.dll+0x8112bf]
V  [jvm.dll+0x3c0d91]
V  [jvm.dll+0x7fcfe3]
V  [jvm.dll+0x44c76f]
V  [jvm.dll+0x44e0e1]
C  [jli.dll+0x5287]
C  [ucrtbase.dll+0x29363]
C  [KERNEL32.DLL+0x126ad]
C  [ntdll.dll+0x5a9f8]


---------------  P R O C E S S  ---------------

Threads class SMR info:
_java_thread_list=0x00007ffa94e2a098, length=0, elements={
}

Java Threads: ( => current thread )

Other Threads:
  0x000001ba92d16e90 WorkerThread "GC Thread#0" [stack: 0x000000b0c6600000,0x000000b0c6700000] [id=29520]
  0x000001ba92d29570 ConcurrentGCThread "G1 Main Marker" [stack: 0x000000b0c6700000,0x000000b0c6800000] [id=24232]
  0x000001ba92d2ad50 WorkerThread "G1 Conc#0" [stack: 0x000000b0c6800000,0x000000b0c6900000] [id=30212]

[error occurred during error reporting (printing all threads), id 0xc0000005, EXCEPTION_ACCESS_VIOLATION (0xc0000005) at pc=0x00007ffa9460eb47]
VM state: not at safepoint (not fully initialized)

VM Mutex/Monitor currently owned by a thread:  ([mutex/lock_event])
[0x000001ba92ca6690] Heap_lock - owner thread: 0x000001ba92ca9130

Heap address: 0x000000070a400000, size: 3932 MB, Compressed Oops mode: Zero based, Oop shift amount: 3

CDS archive(s) mapped at: [0x0000000000000000-0x0000000000000000-0x0000000000000000), size 0, SharedBaseAddress: 0x0000000800000000, ArchiveRelocationMode: 0.
Narrow klass base: 0x0000000000000000, Narrow klass shift: 0, Narrow klass range: 0x0

GC Precious Log:
 CardTable entry size: 512
 Card Set container configuration: InlinePtr #cards 4 size 8 Array Of Cards #cards 16 size 48 Howl #buckets 8 coarsen threshold 3686 Howl Bitmap #cards 512 size 80 coarsen threshold 460 Card regions per heap region 1 cards per card region 4096

Heap:
 garbage-first heap   total 0K, used 0K [0x000000070a400000, 0x0000000800000000)
  region size 2048K, 0 young (0K), 0 survivors (0K)

[error occurred during error reporting (printing heap information), id 0xc0000005, EXCEPTION_ACCESS_VIOLATION (0xc0000005) at pc=0x00007ffa949e3c59]
GC Heap History (0 events):
No events

Dll operation events (1 events):
Event: 0.011 Loaded shared library C:\Program Files\Java\jdk-20\bin\java.dll

Deoptimization events (0 events):
No events

Classes loaded (0 events):
No events

Classes unloaded (0 events):
No events

Classes redefined (0 events):
No events

Internal exceptions (0 events):
No events

VM Operations (0 events):
No events

Events (0 events):
No events


Dynamic libraries:
0x00007ff62b720000 - 0x00007ff62b730000 	C:\Program Files\Java\jdk-20\bin\java.exe
0x00007ffb6b430000 - 0x00007ffb6b644000 	C:\WINDOWS\SYSTEM32\ntdll.dll
0x00007ffb6a130000 - 0x00007ffb6a1f2000 	C:\WINDOWS\System32\KERNEL32.DLL
0x00007ffb68e80000 - 0x00007ffb69223000 	C:\WINDOWS\System32\KERNELBASE.dll
0x00007ffb68b30000 - 0x00007ffb68c41000 	C:\WINDOWS\System32\ucrtbase.dll
0x00007ffb1a390000 - 0x00007ffb1a3a9000 	C:\Program Files\Java\jdk-20\bin\jli.dll
0x00007ffb1a3b0000 - 0x00007ffb1a3cb000 	C:\Program Files\Java\jdk-20\bin\VCRUNTIME140.dll
0x00007ffb6a290000 - 0x00007ffb6a33e000 	C:\WINDOWS\System32\ADVAPI32.dll
0x00007ffb6a6d0000 - 0x00007ffb6a777000 	C:\WINDOWS\System32\msvcrt.dll
0x00007ffb6afa0000 - 0x00007ffb6b044000 	C:\WINDOWS\System32\sechost.dll
0x00007ffb6b210000 - 0x00007ffb6b327000 	C:\WINDOWS\System32\RPCRT4.dll
0x00007ffb6a970000 - 0x00007ffb6ab1b000 	C:\WINDOWS\System32\USER32.dll
0x00007ffb55e10000 - 0x00007ffb5609e000 	C:\WINDOWS\WinSxS\amd64_microsoft.windows.common-controls_6595b64144ccf1df_6.0.22621.1635_none_270f70857386168e\COMCTL32.dll
0x00007ffb68a80000 - 0x00007ffb68aa6000 	C:\WINDOWS\System32\win32u.dll
0x00007ffb6a780000 - 0x00007ffb6a7a9000 	C:\WINDOWS\System32\GDI32.dll
0x00007ffb68cf0000 - 0x00007ffb68e08000 	C:\WINDOWS\System32\gdi32full.dll
0x00007ffb68c50000 - 0x00007ffb68cea000 	C:\WINDOWS\System32\msvcp_win.dll
0x00007ffb5ee30000 - 0x00007ffb5ee3a000 	C:\WINDOWS\SYSTEM32\VERSION.dll
0x00007ffb6af60000 - 0x00007ffb6af91000 	C:\WINDOWS\System32\IMM32.DLL
0x00007ffb52a60000 - 0x00007ffb52a6c000 	C:\Program Files\Java\jdk-20\bin\vcruntime140_1.dll
0x00007ffacc490000 - 0x00007ffacc51e000 	C:\Program Files\Java\jdk-20\bin\msvcp140.dll
0x00007ffa942d0000 - 0x00007ffa94f67000 	C:\Program Files\Java\jdk-20\bin\server\jvm.dll
0x00007ffaeb6c0000 - 0x00007ffaeb6c9000 	C:\WINDOWS\SYSTEM32\WSOCK32.dll
0x00007ffb602c0000 - 0x00007ffb602f4000 	C:\WINDOWS\SYSTEM32\WINMM.dll
0x00007ffb6a840000 - 0x00007ffb6a8b1000 	C:\WINDOWS\System32\WS2_32.dll
0x00007ffb678a0000 - 0x00007ffb678b8000 	C:\WINDOWS\SYSTEM32\kernel.appcore.dll
0x00007ffb51870000 - 0x00007ffb5187a000 	C:\Program Files\Java\jdk-20\bin\jimage.dll
0x00007ffb65d40000 - 0x00007ffb65f6e000 	C:\WINDOWS\SYSTEM32\DBGHELP.DLL
0x00007ffb6a340000 - 0x00007ffb6a6c9000 	C:\WINDOWS\System32\combase.dll
0x00007ffb6ab90000 - 0x00007ffb6ac67000 	C:\WINDOWS\System32\OLEAUT32.dll
0x00007ffb59d70000 - 0x00007ffb59da2000 	C:\WINDOWS\SYSTEM32\dbgcore.DLL
0x00007ffb68ab0000 - 0x00007ffb68b2b000 	C:\WINDOWS\System32\bcryptPrimitives.dll
0x00007ffb1a210000 - 0x00007ffb1a236000 	C:\Program Files\Java\jdk-20\bin\java.dll

dbghelp: loaded successfully - version: 4.0.5 - missing functions: none
symbol engine: initialized successfully - sym options: 0x614 - pdb path: .;C:\Program Files\Java\jdk-20\bin;C:\WINDOWS\SYSTEM32;C:\WINDOWS\WinSxS\amd64_microsoft.windows.common-controls_6595b64144ccf1df_6.0.22621.1635_none_270f70857386168e;C:\Program Files\Java\jdk-20\bin\server

VM Arguments:
jvm_args: -XX:+ShowCodeDetailsInExceptionMessages 
java_command: main.java.com.library.Application
java_class_path (initial): C:\Users\ADMIN\OneDrive\Documents\GitHub\library-management\bin;C:\Users\ADMIN\OneDrive\Documents\GitHub\library-management\jgoodies-forms-1.8.0.jar;C:\Users\ADMIN\OneDrive\Documents\GitHub\library-management\miglayout15-swing.jar;C:\Users\ADMIN\OneDrive\Documents\GitHub\library-management\mysql-connector-java-8.0.18.jar;C:\Users\ADMIN\OneDrive\Documents\GitHub\library-management\poi-5.2.3.jar
Launcher Type: SUN_STANDARD

[Global flags]
     intx CICompilerCount                          = 4                                         {product} {ergonomic}
     uint ConcGCThreads                            = 3                                         {product} {ergonomic}
     uint G1ConcRefinementThreads                  = 10                                        {product} {ergonomic}
   size_t G1HeapRegionSize                         = 2097152                                   {product} {ergonomic}
    uintx GCDrainStackTargetSize                   = 64                                        {product} {ergonomic}
   size_t InitialHeapSize                          = 257949696                                 {product} {ergonomic}
   size_t MarkStackSize                            = 4194304                                   {product} {ergonomic}
   size_t MaxHeapSize                              = 4123000832                                {product} {ergonomic}
   size_t MinHeapDeltaBytes                        = 2097152                                   {product} {ergonomic}
   size_t MinHeapSize                              = 8388608                                   {product} {ergonomic}
    uintx NonNMethodCodeHeapSize                   = 5839372                                {pd product} {ergonomic}
    uintx NonProfiledCodeHeapSize                  = 122909434                              {pd product} {ergonomic}
    uintx ProfiledCodeHeapSize                     = 122909434                              {pd product} {ergonomic}
    uintx ReservedCodeCacheSize                    = 251658240                              {pd product} {ergonomic}
     bool SegmentedCodeCache                       = true                                      {product} {ergonomic}
     bool ShowCodeDetailsInExceptionMessages       = true                                   {manageable} {command line}
   size_t SoftMaxHeapSize                          = 4123000832                             {manageable} {ergonomic}
     bool UseCompressedClassPointers               = true                           {product lp64_product} {ergonomic}
     bool UseCompressedOops                        = true                           {product lp64_product} {ergonomic}
     bool UseG1GC                                  = true                                      {product} {ergonomic}
     bool UseLargePagesIndividualAllocation        = false                                  {pd product} {ergonomic}

Logging:
Log output configuration:
 #0: stdout all=warning uptime,level,tags foldmultilines=false
 #1: stderr all=off uptime,level,tags foldmultilines=false

Environment Variables:
JAVA_HOME=C:\Program Files\Java\jdk-20
PATH=C:\Program Files\Common Files\Oracle\Java\javapath;C:\Windows\system32;C:\Windows;C:\Windows\System32\Wbem;C:\Windows\System32\WindowsPowerShell\v1.0\;C:\Windows\System32\OpenSSH\;C:\Program Files\Microsoft SQL Server\150\Tools\Binn\;C:\Program Files\Microsoft SQL Server\Client SDK\ODBC\170\Tools\Binn\;C:\Program Files\dotnet\;C:\Program Files\Java\jdk-17.0.2;C:\MinGW\bin;C:\Program Files (x86)\Java\jre1.8.0_321\;C:\Program Files (x86)\Microsoft SQL Server\150\Tools\Binn\;C:\Program Files\Microsoft SQL Server\150\DTS\Binn\;C:\Program Files (x86)\Microsoft SQL Server\150\DTS\Binn\;C:\Program Files\Azure Data Studio\bin;C:\WINDOWS\system32;C:\WINDOWS;C:\WINDOWS\System32\Wbem;C:\WINDOWS\System32\WindowsPowerShell\v1.0\;C:\WINDOWS\System32\OpenSSH\;C:\Program Files\Git\cmd;C:\xampp\php;C:\Users\ADMIN\OneDrive\Desktop\apache-maven-3.6.0-bin\apache-maven-3.6.0\bin;C:\Users\ADMIN\AppData\Local\Microsoft\WindowsApps;C:\Users\ADMIN\AppData\Local\Programs\Microsoft VS Code\bin;C:\Users\ADMIN\.dotnet\tools;C:\Program Files\Azure Data Studio\bin;C:\Users\ADMIN\AppData\Local\GitHubDesktop\bin
USERNAME=ADMIN
LANG=en_US.UTF-8
OS=Windows_NT
PROCESSOR_IDENTIFIER=AMD64 Family 23 Model 104 Stepping 1, AuthenticAMD
TMP=C:\Users\ADMIN\AppData\Local\Temp
TEMP=C:\Users\ADMIN\AppData\Local\Temp




---------------  S Y S T E M  ---------------

OS:
 Windows 11 , 64 bit Build 22621 (10.0.22621.1635)
OS uptime: 2 days 5:27 hours
Hyper-V role detected

CPU: total 12 (initial active 12) (12 cores per cpu, 2 threads per core) family 23 model 104 stepping 1 microcode 0x0, cx8, cmov, fxsr, ht, mmx, 3dnowpref, sse, sse2, sse3, ssse3, sse4a, sse4.1, sse4.2, popcnt, lzcnt, tsc, tscinvbit, avx, avx2, aes, clmul, bmi1, bmi2, adx, sha, fma, vzeroupper, clflush, clflushopt, hv, rdtscp, rdpid, f16c

Memory: 4k page, system-wide physical 15722M (4666M free)
TotalPageFile size 28010M (AvailPageFile size 69M)
current process WorkingSet (physical memory assigned to process): 11M, peak: 11M
current process commit charge ("private bytes"): 64M, peak: 310M

vm_info: Java HotSpot(TM) 64-Bit Server VM (20.0.1+9-29) for windows-amd64 JRE (20.0.1+9-29), built on 2023-03-07T13:56:11Z by "mach5one" with MS VC++ 17.1 (VS2022)

END.
